<?xml version="1.0" encoding="UTF-8"?>
<testng-results ignored="0" total="1" passed="1" failed="0" skipped="0">
  <reporter-output>
  </reporter-output>
  <suite started-at="2022-09-20T11:53:04Z" name="Suite1" finished-at="2022-09-20T11:54:24Z" duration-ms="79263">
    <groups>
    </groups>
    <test started-at="2022-09-20T11:53:04Z" name="Nopackage" finished-at="2022-09-20T11:54:24Z" duration-ms="79263">
      <class name="com.seetech.automation.tests.SeeTechTest2">
        <test-method is-config="true" signature="beforeAll(org.testng.ITestContext)[pri:0, instance:com.seetech.automation.tests.SeeTechTest2@1bab8268]" started-at="2022-09-20T11:53:04Z" name="beforeAll" finished-at="2022-09-20T11:53:04Z" duration-ms="162" status="PASS">
          <params>
            <param index="0">
              <value>
                <![CDATA[org.testng.TestRunner@1e3e1014]]>
              </value>
            </param>
          </params>
          <reporter-output>
          </reporter-output>
        </test-method> <!-- beforeAll -->
        <test-method is-config="true" signature="setup(org.testng.ITestContext, java.lang.String)[pri:0, instance:com.seetech.automation.tests.SeeTechTest2@1bab8268]" started-at="2022-09-20T11:53:04Z" name="setup" finished-at="2022-09-20T11:54:02Z" duration-ms="57762" status="PASS">
          <params>
            <param index="0">
              <value>
                <![CDATA[org.testng.TestRunner@1e3e1014]]>
              </value>
            </param>
            <param index="1">
              <value>
                <![CDATA[chrome]]>
              </value>
            </param>
          </params>
          <reporter-output>
          </reporter-output>
        </test-method> <!-- setup -->
        <test-method signature="actions()[pri:0, instance:com.seetech.automation.tests.SeeTechTest2@1bab8268]" started-at="2022-09-20T11:54:02Z" name="actions" finished-at="2022-09-20T11:54:21Z" duration-ms="18897" status="PASS">
          <reporter-output>
          </reporter-output>
        </test-method> <!-- actions -->
        <test-method is-config="true" signature="rearDown()[pri:0, instance:com.seetech.automation.tests.SeeTechTest2@1bab8268]" started-at="2022-09-20T11:54:21Z" name="rearDown" finished-at="2022-09-20T11:54:24Z" duration-ms="2596" status="PASS">
          <reporter-output>
          </reporter-output>
        </test-method> <!-- rearDown -->
        <test-method is-config="true" signature="SuiteClose()[pri:0, instance:com.seetech.automation.tests.SeeTechTest2@1bab8268]" started-at="2022-09-20T11:54:24Z" name="SuiteClose" finished-at="2022-09-20T11:54:24Z" duration-ms="402" status="PASS">
          <reporter-output>
          </reporter-output>
        </test-method> <!-- SuiteClose -->
      </class> <!-- com.seetech.automation.tests.SeeTechTest2 -->
    </test> <!-- Nopackage -->
  </suite> <!-- Suite1 -->
</testng-results>
